C:\USERS\LIONEL HONDA\DOCUMENTS\VISUAL STUDIO 2012\PROJECTS\RAYTRACER\RAYTRACER\DEBUG\AGGREGATEPRIMITIVE.OBJ
C:\USERS\LIONEL HONDA\DOCUMENTS\VISUAL STUDIO 2012\PROJECTS\RAYTRACER\RAYTRACER\DEBUG\VC110.PDB
C:\USERS\LIONEL HONDA\DOCUMENTS\VISUAL STUDIO 2012\PROJECTS\RAYTRACER\RAYTRACER\DEBUG\COLOR.OBJ
C:\USERS\LIONEL HONDA\DOCUMENTS\VISUAL STUDIO 2012\PROJECTS\RAYTRACER\RAYTRACER\DEBUG\FILM.OBJ
C:\USERS\LIONEL HONDA\DOCUMENTS\VISUAL STUDIO 2012\PROJECTS\RAYTRACER\RAYTRACER\DEBUG\GEOMETRICPRIMITIVE.OBJ
C:\USERS\LIONEL HONDA\DOCUMENTS\VISUAL STUDIO 2012\PROJECTS\RAYTRACER\RAYTRACER\DEBUG\INTERSECTION.OBJ
C:\USERS\LIONEL HONDA\DOCUMENTS\VISUAL STUDIO 2012\PROJECTS\RAYTRACER\RAYTRACER\DEBUG\LIGHT.OBJ
C:\USERS\LIONEL HONDA\DOCUMENTS\VISUAL STUDIO 2012\PROJECTS\RAYTRACER\RAYTRACER\DEBUG\PARSER.OBJ
C:\USERS\LIONEL HONDA\DOCUMENTS\VISUAL STUDIO 2012\PROJECTS\RAYTRACER\RAYTRACER\DEBUG\LOCALGEO.OBJ
C:\USERS\LIONEL HONDA\DOCUMENTS\VISUAL STUDIO 2012\PROJECTS\RAYTRACER\RAYTRACER\DEBUG\MAIN.OBJ
C:\USERS\LIONEL HONDA\DOCUMENTS\VISUAL STUDIO 2012\PROJECTS\RAYTRACER\RAYTRACER\DEBUG\MATERIAL.OBJ
C:\USERS\LIONEL HONDA\DOCUMENTS\VISUAL STUDIO 2012\PROJECTS\RAYTRACER\RAYTRACER\DEBUG\RAYTRACER.OBJ
C:\USERS\LIONEL HONDA\DOCUMENTS\VISUAL STUDIO 2012\PROJECTS\RAYTRACER\RAYTRACER\DEBUG\NORMAL.OBJ
C:\USERS\LIONEL HONDA\DOCUMENTS\VISUAL STUDIO 2012\PROJECTS\RAYTRACER\RAYTRACER\DEBUG\POINT.OBJ
C:\USERS\LIONEL HONDA\DOCUMENTS\VISUAL STUDIO 2012\PROJECTS\RAYTRACER\RAYTRACER\DEBUG\PRIMITIVE.OBJ
C:\USERS\LIONEL HONDA\DOCUMENTS\VISUAL STUDIO 2012\PROJECTS\RAYTRACER\RAYTRACER\DEBUG\RAY.OBJ
C:\USERS\LIONEL HONDA\DOCUMENTS\VISUAL STUDIO 2012\PROJECTS\RAYTRACER\RAYTRACER\DEBUG\SAMPLE.OBJ
C:\USERS\LIONEL HONDA\DOCUMENTS\VISUAL STUDIO 2012\PROJECTS\RAYTRACER\RAYTRACER\DEBUG\SAMPLER.OBJ
C:\USERS\LIONEL HONDA\DOCUMENTS\VISUAL STUDIO 2012\PROJECTS\RAYTRACER\RAYTRACER\DEBUG\SCENE.OBJ
C:\USERS\LIONEL HONDA\DOCUMENTS\VISUAL STUDIO 2012\PROJECTS\RAYTRACER\RAYTRACER\DEBUG\SHAPE.OBJ
C:\USERS\LIONEL HONDA\DOCUMENTS\VISUAL STUDIO 2012\PROJECTS\RAYTRACER\RAYTRACER\DEBUG\TRANSFORMATION.OBJ
C:\USERS\LIONEL HONDA\DOCUMENTS\VISUAL STUDIO 2012\PROJECTS\RAYTRACER\RAYTRACER\DEBUG\VECTOR.OBJ
C:\USERS\LIONEL HONDA\DOCUMENTS\VISUAL STUDIO 2012\PROJECTS\RAYTRACER\RAYTRACER\DEBUG\BRDF.OBJ
C:\USERS\LIONEL HONDA\DOCUMENTS\VISUAL STUDIO 2012\PROJECTS\RAYTRACER\RAYTRACER\DEBUG\CAMERA.OBJ
C:\USERS\LIONEL HONDA\DOCUMENTS\VISUAL STUDIO 2012\PROJECTS\RAYTRACER\DEBUG\RAYTRACER.ILK
C:\USERS\LIONEL HONDA\DOCUMENTS\VISUAL STUDIO 2012\PROJECTS\RAYTRACER\DEBUG\RAYTRACER.EXE
C:\USERS\LIONEL HONDA\DOCUMENTS\VISUAL STUDIO 2012\PROJECTS\RAYTRACER\DEBUG\RAYTRACER.PDB
C:\Users\Lionel Honda\Documents\Visual Studio 2012\Projects\RayTracer\RayTracer\Debug\AggregatePrimitive.obj
C:\Users\Lionel Honda\Documents\Visual Studio 2012\Projects\RayTracer\RayTracer\Debug\BRDF.obj
C:\Users\Lionel Honda\Documents\Visual Studio 2012\Projects\RayTracer\RayTracer\Debug\Camera.obj
C:\Users\Lionel Honda\Documents\Visual Studio 2012\Projects\RayTracer\RayTracer\Debug\Color.obj
C:\Users\Lionel Honda\Documents\Visual Studio 2012\Projects\RayTracer\RayTracer\Debug\Film.obj
C:\Users\Lionel Honda\Documents\Visual Studio 2012\Projects\RayTracer\RayTracer\Debug\GeometricPrimitive.obj
C:\Users\Lionel Honda\Documents\Visual Studio 2012\Projects\RayTracer\RayTracer\Debug\Intersection.obj
C:\Users\Lionel Honda\Documents\Visual Studio 2012\Projects\RayTracer\RayTracer\Debug\Light.obj
C:\Users\Lionel Honda\Documents\Visual Studio 2012\Projects\RayTracer\RayTracer\Debug\LocalGeo.obj
C:\Users\Lionel Honda\Documents\Visual Studio 2012\Projects\RayTracer\RayTracer\Debug\main.obj
C:\Users\Lionel Honda\Documents\Visual Studio 2012\Projects\RayTracer\RayTracer\Debug\Material.obj
C:\Users\Lionel Honda\Documents\Visual Studio 2012\Projects\RayTracer\RayTracer\Debug\Normal.obj
C:\Users\Lionel Honda\Documents\Visual Studio 2012\Projects\RayTracer\RayTracer\Debug\Parser.obj
C:\Users\Lionel Honda\Documents\Visual Studio 2012\Projects\RayTracer\RayTracer\Debug\Point.obj
C:\Users\Lionel Honda\Documents\Visual Studio 2012\Projects\RayTracer\RayTracer\Debug\Primitive.obj
C:\Users\Lionel Honda\Documents\Visual Studio 2012\Projects\RayTracer\RayTracer\Debug\Ray.obj
C:\Users\Lionel Honda\Documents\Visual Studio 2012\Projects\RayTracer\RayTracer\Debug\RayTracer.obj
C:\Users\Lionel Honda\Documents\Visual Studio 2012\Projects\RayTracer\RayTracer\Debug\Sample.obj
C:\Users\Lionel Honda\Documents\Visual Studio 2012\Projects\RayTracer\RayTracer\Debug\Sampler.obj
C:\Users\Lionel Honda\Documents\Visual Studio 2012\Projects\RayTracer\RayTracer\Debug\Scene.obj
C:\Users\Lionel Honda\Documents\Visual Studio 2012\Projects\RayTracer\RayTracer\Debug\Shape.obj
C:\Users\Lionel Honda\Documents\Visual Studio 2012\Projects\RayTracer\RayTracer\Debug\Transformation.obj
C:\Users\Lionel Honda\Documents\Visual Studio 2012\Projects\RayTracer\RayTracer\Debug\Vector.obj
C:\Users\Lionel Honda\Documents\Visual Studio 2012\Projects\RayTracer\RayTracer\Debug\cl.command.1.tlog
C:\Users\Lionel Honda\Documents\Visual Studio 2012\Projects\RayTracer\RayTracer\Debug\CL.read.1.tlog
C:\Users\Lionel Honda\Documents\Visual Studio 2012\Projects\RayTracer\RayTracer\Debug\CL.write.1.tlog
C:\Users\Lionel Honda\Documents\Visual Studio 2012\Projects\RayTracer\RayTracer\Debug\link-cvtres.read.1.tlog
C:\Users\Lionel Honda\Documents\Visual Studio 2012\Projects\RayTracer\RayTracer\Debug\link-cvtres.write.1.tlog
C:\Users\Lionel Honda\Documents\Visual Studio 2012\Projects\RayTracer\RayTracer\Debug\link-rc.read.1.tlog
C:\Users\Lionel Honda\Documents\Visual Studio 2012\Projects\RayTracer\RayTracer\Debug\link-rc.write.1.tlog
C:\Users\Lionel Honda\Documents\Visual Studio 2012\Projects\RayTracer\RayTracer\Debug\link.9568-cvtres.read.1.tlog
C:\Users\Lionel Honda\Documents\Visual Studio 2012\Projects\RayTracer\RayTracer\Debug\link.9568-cvtres.write.1.tlog
C:\Users\Lionel Honda\Documents\Visual Studio 2012\Projects\RayTracer\RayTracer\Debug\link.9568-rc.read.1.tlog
C:\Users\Lionel Honda\Documents\Visual Studio 2012\Projects\RayTracer\RayTracer\Debug\link.9568-rc.write.1.tlog
C:\Users\Lionel Honda\Documents\Visual Studio 2012\Projects\RayTracer\RayTracer\Debug\link.9568.read.1.tlog
C:\Users\Lionel Honda\Documents\Visual Studio 2012\Projects\RayTracer\RayTracer\Debug\link.9568.write.1.tlog
C:\Users\Lionel Honda\Documents\Visual Studio 2012\Projects\RayTracer\RayTracer\Debug\link.command.1.tlog
C:\Users\Lionel Honda\Documents\Visual Studio 2012\Projects\RayTracer\RayTracer\Debug\link.read.1.tlog
C:\Users\Lionel Honda\Documents\Visual Studio 2012\Projects\RayTracer\RayTracer\Debug\link.write.1.tlog
C:\Users\Lionel Honda\Documents\Visual Studio 2012\Projects\RayTracer\RayTracer\Debug\vc110.idb
C:\Users\Lionel Honda\Documents\Visual Studio 2012\Projects\RayTracer\RayTracer\Debug\vc110.pdb
C:\Users\Lionel Honda\Documents\Visual Studio 2012\Projects\RayTracer\Debug\RayTracer.pdb
C:\Users\Lionel Honda\Documents\Visual Studio 2012\Projects\RayTracer\Debug\RayTracer.exe
C:\Users\Lionel Honda\Documents\Visual Studio 2012\Projects\RayTracer\Debug\RayTracer.ilk
